app/build/intermediates/manifest_merge_blame_file/release/manifest-merger-blame-release-report.txt
1<?xml version="1.0" encoding="utf-8"?>
2<manifest xmlns:android="http://schemas.android.com/apk/res/android"
3    package="org.tensorflow.lite.examples.detection"
4    android:versionCode="1"
5    android:versionName="1.0" >
6
7    <uses-sdk
7-->src\main\AndroidManifest.xml:4:5-22
8        android:minSdkVersion="21"
8-->src\main\AndroidManifest.xml:4:5-22
9        android:targetSdkVersion="21" />
9-->src\main\AndroidManifest.xml:4:5-22
10
11    <uses-permission android:name="android.permission.INTERNET" />
11-->src\main\AndroidManifest.xml:6:5-66
11-->src\main\AndroidManifest.xml:6:22-64
12    <uses-permission android:name="android.permission.ACCESS_FINE_LOCATION" />
12-->src\main\AndroidManifest.xml:7:5-78
12-->src\main\AndroidManifest.xml:7:22-76
13    <uses-permission android:name="android.permission.ACCESS_COARSE_LOCATION" />
13-->src\main\AndroidManifest.xml:8:5-80
13-->src\main\AndroidManifest.xml:8:22-78
14    <uses-permission android:name="android.permission.ACCESS_COARSE_LOCATION" />
14-->src\main\AndroidManifest.xml:8:5-80
14-->src\main\AndroidManifest.xml:8:22-78
15    <uses-permission
15-->src\main\AndroidManifest.xml:10:5-94
16        android:name="android.permission.WAKE_LOCK"
16-->src\main\AndroidManifest.xml:10:22-65
17        android:maxSdkVersion="26" />
17-->src\main\AndroidManifest.xml:10:66-92
18    <uses-permission android:name="android.permission.CAMERA" />
18-->src\main\AndroidManifest.xml:11:5-65
18-->src\main\AndroidManifest.xml:11:22-62
19    <uses-permission android:name="android.permission.RECEIVE_BOOT_COMPLETED" />
19-->src\main\AndroidManifest.xml:12:5-80
19-->src\main\AndroidManifest.xml:12:22-78
20    <uses-permission android:name="android.permission.WRITE_EXTERNAL_STORAGE" />
20-->src\main\AndroidManifest.xml:13:5-80
20-->src\main\AndroidManifest.xml:13:22-78
21    <uses-permission android:name="android.permission.FOREGROUND_SERVICE" />
21-->src\main\AndroidManifest.xml:14:5-76
21-->src\main\AndroidManifest.xml:14:22-74
22
23    <uses-feature android:name="android.hardware.camera" />
23-->src\main\AndroidManifest.xml:15:5-60
23-->src\main\AndroidManifest.xml:15:19-57
24    <uses-feature android:name="android.hardware.camera.autofocus" />
24-->src\main\AndroidManifest.xml:16:5-70
24-->src\main\AndroidManifest.xml:16:19-67
25    <uses-feature
25-->src\main\AndroidManifest.xml:17:5-96
26        android:name="android.hardware.sensor.stepcounter"
26-->src\main\AndroidManifest.xml:17:19-69
27        android:required="true" />
27-->src\main\AndroidManifest.xml:17:70-93
28
29    <uses-permission android:name="android.permission.ACCESS_NETWORK_STATE" /> <!-- Required by older versions of Google Play services to create GCM registration tokens -->
29-->[com.google.android.gms:play-services-ads-lite:12.0.1] AndroidManifest.xml:24:5-79
29-->[com.google.android.gms:play-services-ads-lite:12.0.1] AndroidManifest.xml:24:22-76
30    <uses-permission android:name="com.google.android.c2dm.permission.RECEIVE" />
30-->[com.google.android.gms:play-services-gcm:12.0.1] AndroidManifest.xml:23:5-82
30-->[com.google.android.gms:play-services-gcm:12.0.1] AndroidManifest.xml:23:22-79
31
32    <uses-feature
32-->[com.google.android.gms:play-services-maps:12.0.1] AndroidManifest.xml:26:5-28:35
33        android:glEsVersion="0x00020000"
33-->[com.google.android.gms:play-services-maps:12.0.1] AndroidManifest.xml:27:9-41
34        android:required="true" />
34-->[com.google.android.gms:play-services-maps:12.0.1] AndroidManifest.xml:28:9-32
35
36    <permission
36-->[com.google.firebase:firebase-iid:12.0.1] AndroidManifest.xml:28:5-30:47
37        android:name="org.tensorflow.lite.examples.detection.permission.C2D_MESSAGE"
37-->[com.google.firebase:firebase-iid:12.0.1] AndroidManifest.xml:29:9-63
38        android:protectionLevel="signature" />
38-->[com.google.firebase:firebase-iid:12.0.1] AndroidManifest.xml:30:9-44
39
40    <uses-permission android:name="org.tensorflow.lite.examples.detection.permission.C2D_MESSAGE" />
40-->[com.google.firebase:firebase-iid:12.0.1] AndroidManifest.xml:32:5-79
40-->[com.google.firebase:firebase-iid:12.0.1] AndroidManifest.xml:32:22-76
41
42    <application
42-->src\main\AndroidManifest.xml:20:5-42:19
43        android:allowBackup="false"
43-->src\main\AndroidManifest.xml:21:9-36
44        android:appComponentFactory="androidx.core.app.CoreComponentFactory"
44-->[androidx.core:core:1.0.0] AndroidManifest.xml:22:18-86
45        android:icon="@drawable/app_icon_new"
45-->src\main\AndroidManifest.xml:22:9-46
46        android:label="@string/app_name"
46-->src\main\AndroidManifest.xml:23:9-41
47        android:roundIcon="@drawable/app_icon_new"
47-->src\main\AndroidManifest.xml:24:9-51
48        android:supportsRtl="true"
48-->src\main\AndroidManifest.xml:25:9-35
49        android:theme="@style/AppTheme" >
49-->src\main\AndroidManifest.xml:26:9-40
50        <activity
50-->src\main\AndroidManifest.xml:28:9-36:20
51            android:name="org.tensorflow.lite.examples.detection.DetectorActivity"
51-->src\main\AndroidManifest.xml:29:13-45
52            android:label="@string/activity_name_detection"
52-->src\main\AndroidManifest.xml:30:13-60
53            android:screenOrientation="portrait" >
53-->src\main\AndroidManifest.xml:31:13-49
54            <intent-filter>
54-->src\main\AndroidManifest.xml:32:13-35:29
55                <action android:name="android.intent.action.MAIN" />
55-->src\main\AndroidManifest.xml:33:17-69
55-->src\main\AndroidManifest.xml:33:25-66
56
57                <category android:name="android.intent.category.LAUNCHER" />
57-->src\main\AndroidManifest.xml:34:17-77
57-->src\main\AndroidManifest.xml:34:27-74
58            </intent-filter>
59        </activity>
60
61        <service
61-->src\main\AndroidManifest.xml:37:9-41:15
62            android:name="org.tensorflow.lite.examples.detection.SensorListener"
62-->src\main\AndroidManifest.xml:38:13-43
63            android:enabled="true"
63-->src\main\AndroidManifest.xml:40:13-35
64            android:exported="false" />
64-->src\main\AndroidManifest.xml:39:13-37
65
66        <receiver android:name="com.google.android.gms.cast.framework.media.MediaIntentReceiver" />
66-->[com.google.android.gms:play-services-cast-framework:12.0.1] AndroidManifest.xml:8:9-100
66-->[com.google.android.gms:play-services-cast-framework:12.0.1] AndroidManifest.xml:8:19-97
67
68        <service android:name="com.google.android.gms.cast.framework.media.MediaNotificationService" />
68-->[com.google.android.gms:play-services-cast-framework:12.0.1] AndroidManifest.xml:10:9-104
68-->[com.google.android.gms:play-services-cast-framework:12.0.1] AndroidManifest.xml:10:18-101
69        <service android:name="com.google.android.gms.cast.framework.ReconnectionService" /> <!-- Include the AdActivity and InAppPurchaseActivity configChanges and themes. -->
69-->[com.google.android.gms:play-services-cast-framework:12.0.1] AndroidManifest.xml:11:9-93
69-->[com.google.android.gms:play-services-cast-framework:12.0.1] AndroidManifest.xml:11:18-90
70        <activity
70-->[com.google.android.gms:play-services-ads-lite:12.0.1] AndroidManifest.xml:29:9-33:64
71            android:name="com.google.android.gms.ads.AdActivity"
71-->[com.google.android.gms:play-services-ads-lite:12.0.1] AndroidManifest.xml:30:13-65
72            android:configChanges="keyboard|keyboardHidden|orientation|screenLayout|uiMode|screenSize|smallestScreenSize"
72-->[com.google.android.gms:play-services-ads-lite:12.0.1] AndroidManifest.xml:31:13-122
73            android:exported="false"
73-->[com.google.android.gms:play-services-ads-lite:12.0.1] AndroidManifest.xml:32:13-37
74            android:theme="@android:style/Theme.Translucent" />
74-->[com.google.android.gms:play-services-ads-lite:12.0.1] AndroidManifest.xml:33:13-61
75
76        <receiver
76-->[com.google.android.gms:play-services-analytics:12.0.1] AndroidManifest.xml:30:9-34:20
77            android:name="com.google.android.gms.analytics.AnalyticsReceiver"
77-->[com.google.android.gms:play-services-analytics:12.0.1] AndroidManifest.xml:31:13-78
78            android:enabled="true"
78-->[com.google.android.gms:play-services-analytics:12.0.1] AndroidManifest.xml:32:13-35
79            android:exported="false" >
79-->[com.google.android.gms:play-services-analytics:12.0.1] AndroidManifest.xml:33:13-37
80        </receiver>
81
82        <service
82-->[com.google.android.gms:play-services-analytics:12.0.1] AndroidManifest.xml:36:9-39:40
83            android:name="com.google.android.gms.analytics.AnalyticsService"
83-->[com.google.android.gms:play-services-analytics:12.0.1] AndroidManifest.xml:37:13-77
84            android:enabled="true"
84-->[com.google.android.gms:play-services-analytics:12.0.1] AndroidManifest.xml:38:13-35
85            android:exported="false" />
85-->[com.google.android.gms:play-services-analytics:12.0.1] AndroidManifest.xml:39:13-37
86        <service
86-->[com.google.android.gms:play-services-analytics:12.0.1] AndroidManifest.xml:40:9-44:72
87            android:name="com.google.android.gms.analytics.AnalyticsJobService"
87-->[com.google.android.gms:play-services-analytics:12.0.1] AndroidManifest.xml:41:13-80
88            android:enabled="true"
88-->[com.google.android.gms:play-services-analytics:12.0.1] AndroidManifest.xml:42:13-35
89            android:exported="false"
89-->[com.google.android.gms:play-services-analytics:12.0.1] AndroidManifest.xml:43:13-37
90            android:permission="android.permission.BIND_JOB_SERVICE" />
90-->[com.google.android.gms:play-services-analytics:12.0.1] AndroidManifest.xml:44:13-69
91
92        <activity
92-->[com.google.android.gms:play-services-appinvite:12.0.1] AndroidManifest.xml:25:9-34:20
93            android:name="com.google.android.gms.appinvite.PreviewActivity"
93-->[com.google.android.gms:play-services-appinvite:12.0.1] AndroidManifest.xml:26:13-76
94            android:exported="true"
94-->[com.google.android.gms:play-services-appinvite:12.0.1] AndroidManifest.xml:27:13-36
95            android:theme="@style/Theme.AppInvite.Preview" >
95-->[com.google.android.gms:play-services-appinvite:12.0.1] AndroidManifest.xml:28:13-59
96            <intent-filter>
96-->[com.google.android.gms:play-services-appinvite:12.0.1] AndroidManifest.xml:29:13-33:29
97                <action android:name="com.google.android.gms.appinvite.ACTION_PREVIEW" />
97-->[com.google.android.gms:play-services-appinvite:12.0.1] AndroidManifest.xml:30:17-90
97-->[com.google.android.gms:play-services-appinvite:12.0.1] AndroidManifest.xml:30:25-87
98
99                <category android:name="android.intent.category.DEFAULT" />
99-->[com.google.android.gms:play-services-appinvite:12.0.1] AndroidManifest.xml:32:17-76
99-->[com.google.android.gms:play-services-appinvite:12.0.1] AndroidManifest.xml:32:27-73
100            </intent-filter>
101        </activity>
102        <activity
102-->[com.google.android.gms:play-services-auth:12.0.1] AndroidManifest.xml:23:9-27:75
103            android:name="com.google.android.gms.auth.api.signin.internal.SignInHubActivity"
103-->[com.google.android.gms:play-services-auth:12.0.1] AndroidManifest.xml:24:13-93
104            android:excludeFromRecents="true"
104-->[com.google.android.gms:play-services-auth:12.0.1] AndroidManifest.xml:25:13-46
105            android:exported="false"
105-->[com.google.android.gms:play-services-auth:12.0.1] AndroidManifest.xml:26:13-37
106            android:theme="@android:style/Theme.Translucent.NoTitleBar" />
106-->[com.google.android.gms:play-services-auth:12.0.1] AndroidManifest.xml:27:13-72
107        <!--
108            Service handling Google Sign-In user revocation. For apps that do not integrate with
109            Google Sign-In, this service will never be started.
110        -->
111        <service
111-->[com.google.android.gms:play-services-auth:12.0.1] AndroidManifest.xml:33:9-36:110
112            android:name="com.google.android.gms.auth.api.signin.RevocationBoundService"
112-->[com.google.android.gms:play-services-auth:12.0.1] AndroidManifest.xml:34:13-89
113            android:exported="true"
113-->[com.google.android.gms:play-services-auth:12.0.1] AndroidManifest.xml:35:13-36
114            android:permission="com.google.android.gms.auth.api.signin.permission.REVOCATION_NOTIFICATION" />
114-->[com.google.android.gms:play-services-auth:12.0.1] AndroidManifest.xml:36:13-107
115
116        <activity
116-->[com.google.firebase:firebase-auth:12.0.1] AndroidManifest.xml:23:9-29:75
117            android:name="com.google.firebase.auth.internal.FederatedSignInActivity"
117-->[com.google.firebase:firebase-auth:12.0.1] AndroidManifest.xml:24:13-85
118            android:excludeFromRecents="true"
118-->[com.google.firebase:firebase-auth:12.0.1] AndroidManifest.xml:25:13-46
119            android:exported="true"
119-->[com.google.firebase:firebase-auth:12.0.1] AndroidManifest.xml:26:13-36
120            android:launchMode="singleInstance"
120-->[com.google.firebase:firebase-auth:12.0.1] AndroidManifest.xml:27:13-48
121            android:permission="com.google.firebase.auth.api.gms.permission.LAUNCH_FEDERATED_SIGN_IN"
121-->[com.google.firebase:firebase-auth:12.0.1] AndroidManifest.xml:28:13-102
122            android:theme="@android:style/Theme.Translucent.NoTitleBar" />
122-->[com.google.firebase:firebase-auth:12.0.1] AndroidManifest.xml:29:13-72
123        <activity
123-->[com.google.android.gms:play-services-base:12.0.1] AndroidManifest.xml:23:9-26:75
124            android:name="com.google.android.gms.common.api.GoogleApiActivity"
124-->[com.google.android.gms:play-services-base:12.0.1] AndroidManifest.xml:24:13-79
125            android:exported="false"
125-->[com.google.android.gms:play-services-base:12.0.1] AndroidManifest.xml:25:13-37
126            android:theme="@android:style/Theme.Translucent.NoTitleBar" />
126-->[com.google.android.gms:play-services-base:12.0.1] AndroidManifest.xml:26:13-72
127        <!--
128             FirebaseMessagingService performs security checks at runtime,
129             no need for explicit permissions despite exported="true"
130        -->
131        <service
131-->[com.google.firebase:firebase-messaging:12.0.1] AndroidManifest.xml:28:9-34:19
132            android:name="com.google.firebase.messaging.FirebaseMessagingService"
132-->[com.google.firebase:firebase-messaging:12.0.1] AndroidManifest.xml:29:13-82
133            android:exported="true" >
133-->[com.google.firebase:firebase-messaging:12.0.1] AndroidManifest.xml:30:13-36
134            <intent-filter android:priority="-500" >
134-->[com.google.firebase:firebase-messaging:12.0.1] AndroidManifest.xml:31:13-33:29
134-->[com.google.firebase:firebase-messaging:12.0.1] AndroidManifest.xml:31:28-51
135                <action android:name="com.google.firebase.MESSAGING_EVENT" />
135-->[com.google.firebase:firebase-messaging:12.0.1] AndroidManifest.xml:32:17-78
135-->[com.google.firebase:firebase-messaging:12.0.1] AndroidManifest.xml:32:25-75
136            </intent-filter>
137        </service>
138        <service
138-->[com.google.android.gms:play-services-tagmanager-api:12.0.1] AndroidManifest.xml:27:9-30:40
139            android:name="com.google.android.gms.tagmanager.TagManagerService"
139-->[com.google.android.gms:play-services-tagmanager-api:12.0.1] AndroidManifest.xml:28:13-79
140            android:enabled="true"
140-->[com.google.android.gms:play-services-tagmanager-api:12.0.1] AndroidManifest.xml:29:13-35
141            android:exported="false" />
141-->[com.google.android.gms:play-services-tagmanager-api:12.0.1] AndroidManifest.xml:30:13-37
142
143        <activity
143-->[com.google.android.gms:play-services-tagmanager-api:12.0.1] AndroidManifest.xml:32:9-44:20
144            android:name="com.google.android.gms.tagmanager.TagManagerPreviewActivity"
144-->[com.google.android.gms:play-services-tagmanager-api:12.0.1] AndroidManifest.xml:33:13-87
145            android:exported="true"
145-->[com.google.android.gms:play-services-tagmanager-api:12.0.1] AndroidManifest.xml:34:13-36
146            android:noHistory="true" > <!-- optional, removes the previewActivity from the activity stack. -->
146-->[com.google.android.gms:play-services-tagmanager-api:12.0.1] AndroidManifest.xml:35:13-37
147            <intent-filter>
147-->[com.google.android.gms:play-services-tagmanager-api:12.0.1] AndroidManifest.xml:36:13-43:29
148                <data android:scheme="tagmanager.c.org.tensorflow.lite.examples.detection" />
148-->[com.google.android.gms:play-services-tagmanager-api:12.0.1] AndroidManifest.xml:37:17-72
148-->[com.google.android.gms:play-services-tagmanager-api:12.0.1] AndroidManifest.xml:37:23-69
149
150                <action android:name="android.intent.action.VIEW" />
150-->[com.google.android.gms:play-services-tagmanager-api:12.0.1] AndroidManifest.xml:39:17-69
150-->[com.google.android.gms:play-services-tagmanager-api:12.0.1] AndroidManifest.xml:39:25-66
151
152                <category android:name="android.intent.category.DEFAULT" />
152-->[com.google.android.gms:play-services-appinvite:12.0.1] AndroidManifest.xml:32:17-76
152-->[com.google.android.gms:play-services-appinvite:12.0.1] AndroidManifest.xml:32:27-73
153                <category android:name="android.intent.category.BROWSABLE" />
153-->[com.google.android.gms:play-services-tagmanager-api:12.0.1] AndroidManifest.xml:42:17-78
153-->[com.google.android.gms:play-services-tagmanager-api:12.0.1] AndroidManifest.xml:42:27-75
154            </intent-filter>
155        </activity>
156
157        <receiver
157-->[com.google.firebase:firebase-analytics:12.0.1] AndroidManifest.xml:28:9-32:20
158            android:name="com.google.android.gms.measurement.AppMeasurementReceiver"
158-->[com.google.firebase:firebase-analytics:12.0.1] AndroidManifest.xml:29:13-85
159            android:enabled="true"
159-->[com.google.firebase:firebase-analytics:12.0.1] AndroidManifest.xml:30:13-35
160            android:exported="false" >
160-->[com.google.firebase:firebase-analytics:12.0.1] AndroidManifest.xml:31:13-37
161        </receiver>
162        <receiver
162-->[com.google.firebase:firebase-analytics:12.0.1] AndroidManifest.xml:33:9-41:20
163            android:name="com.google.android.gms.measurement.AppMeasurementInstallReferrerReceiver"
163-->[com.google.firebase:firebase-analytics:12.0.1] AndroidManifest.xml:34:13-100
164            android:enabled="true"
164-->[com.google.firebase:firebase-analytics:12.0.1] AndroidManifest.xml:35:13-35
165            android:exported="true"
165-->[com.google.firebase:firebase-analytics:12.0.1] AndroidManifest.xml:36:13-36
166            android:permission="android.permission.INSTALL_PACKAGES" >
166-->[com.google.firebase:firebase-analytics:12.0.1] AndroidManifest.xml:37:13-69
167            <intent-filter>
167-->[com.google.firebase:firebase-analytics:12.0.1] AndroidManifest.xml:38:13-40:29
168                <action android:name="com.android.vending.INSTALL_REFERRER" />
168-->[com.google.firebase:firebase-analytics:12.0.1] AndroidManifest.xml:39:17-79
168-->[com.google.firebase:firebase-analytics:12.0.1] AndroidManifest.xml:39:25-76
169            </intent-filter>
170        </receiver>
171
172        <service
172-->[com.google.firebase:firebase-analytics:12.0.1] AndroidManifest.xml:43:9-46:40
173            android:name="com.google.android.gms.measurement.AppMeasurementService"
173-->[com.google.firebase:firebase-analytics:12.0.1] AndroidManifest.xml:44:13-84
174            android:enabled="true"
174-->[com.google.firebase:firebase-analytics:12.0.1] AndroidManifest.xml:45:13-35
175            android:exported="false" />
175-->[com.google.firebase:firebase-analytics:12.0.1] AndroidManifest.xml:46:13-37
176        <service
176-->[com.google.firebase:firebase-analytics:12.0.1] AndroidManifest.xml:47:9-51:72
177            android:name="com.google.android.gms.measurement.AppMeasurementJobService"
177-->[com.google.firebase:firebase-analytics:12.0.1] AndroidManifest.xml:48:13-87
178            android:enabled="true"
178-->[com.google.firebase:firebase-analytics:12.0.1] AndroidManifest.xml:49:13-35
179            android:exported="false"
179-->[com.google.firebase:firebase-analytics:12.0.1] AndroidManifest.xml:50:13-37
180            android:permission="android.permission.BIND_JOB_SERVICE" />
180-->[com.google.firebase:firebase-analytics:12.0.1] AndroidManifest.xml:51:13-69
181
182        <receiver
182-->[com.google.firebase:firebase-iid:12.0.1] AndroidManifest.xml:35:9-44:20
183            android:name="com.google.firebase.iid.FirebaseInstanceIdReceiver"
183-->[com.google.firebase:firebase-iid:12.0.1] AndroidManifest.xml:36:13-78
184            android:exported="true"
184-->[com.google.firebase:firebase-iid:12.0.1] AndroidManifest.xml:37:13-36
185            android:permission="com.google.android.c2dm.permission.SEND" >
185-->[com.google.firebase:firebase-iid:12.0.1] AndroidManifest.xml:38:13-73
186            <intent-filter>
186-->[com.google.firebase:firebase-iid:12.0.1] AndroidManifest.xml:39:13-43:29
187                <action android:name="com.google.android.c2dm.intent.RECEIVE" />
187-->[com.google.firebase:firebase-iid:12.0.1] AndroidManifest.xml:40:17-81
187-->[com.google.firebase:firebase-iid:12.0.1] AndroidManifest.xml:40:25-78
188
189                <category android:name="org.tensorflow.lite.examples.detection" />
189-->[com.google.firebase:firebase-iid:12.0.1] AndroidManifest.xml:42:17-61
189-->[com.google.firebase:firebase-iid:12.0.1] AndroidManifest.xml:42:27-58
190            </intent-filter>
191        </receiver>
192        <!--
193             FirebaseInstanceIdService performs security checks at runtime,
194             no need for explicit permissions despite exported="true"
195        -->
196        <service
196-->[com.google.firebase:firebase-iid:12.0.1] AndroidManifest.xml:50:9-56:19
197            android:name="com.google.firebase.iid.FirebaseInstanceIdService"
197-->[com.google.firebase:firebase-iid:12.0.1] AndroidManifest.xml:51:13-77
198            android:exported="true" >
198-->[com.google.firebase:firebase-iid:12.0.1] AndroidManifest.xml:52:13-36
199            <intent-filter android:priority="-500" >
199-->[com.google.firebase:firebase-iid:12.0.1] AndroidManifest.xml:53:13-55:29
199-->[com.google.firebase:firebase-iid:12.0.1] AndroidManifest.xml:53:28-51
200                <action android:name="com.google.firebase.INSTANCE_ID_EVENT" />
200-->[com.google.firebase:firebase-iid:12.0.1] AndroidManifest.xml:54:17-80
200-->[com.google.firebase:firebase-iid:12.0.1] AndroidManifest.xml:54:25-77
201            </intent-filter>
202        </service>
203
204        <provider
204-->[com.google.firebase:firebase-common:12.0.1] AndroidManifest.xml:8:9-12:39
205            android:name="com.google.firebase.provider.FirebaseInitProvider"
205-->[com.google.firebase:firebase-common:12.0.1] AndroidManifest.xml:9:13-77
206            android:authorities="org.tensorflow.lite.examples.detection.firebaseinitprovider"
206-->[com.google.firebase:firebase-common:12.0.1] AndroidManifest.xml:10:13-72
207            android:exported="false"
207-->[com.google.firebase:firebase-common:12.0.1] AndroidManifest.xml:11:13-37
208            android:initOrder="100" />
208-->[com.google.firebase:firebase-common:12.0.1] AndroidManifest.xml:12:13-36
209
210        <meta-data
210-->[com.google.android.gms:play-services-basement:12.0.1] AndroidManifest.xml:23:9-25:69
211            android:name="com.google.android.gms.version"
211-->[com.google.android.gms:play-services-basement:12.0.1] AndroidManifest.xml:24:13-58
212            android:value="@integer/google_play_services_version" />
212-->[com.google.android.gms:play-services-basement:12.0.1] AndroidManifest.xml:25:13-66
213    </application>
214
215</manifest>